# JRE version: Java(TM) SE Runtime Environment (7.0_79-b15) (build 1.7.0_79-b15)
# Java VM: Java HotSpot(TM) 64-Bit Server VM (24.79-b02 mixed mode windows-amd64 compressed oops)
Heap
 PSYoungGen      total 233472K, used 134816K [0x00000000eaa80000, 0x0000000100000000, 0x0000000100000000)
  eden space 117248K, 89% used [0x00000000eaa80000,0x00000000f110bba0,0x00000000f1d00000)
  from space 116224K, 25% used [0x00000000f1d00000,0x00000000f3a1c728,0x00000000f8e80000)
  to   space 116224K, 0% used [0x00000000f8e80000,0x00000000f8e80000,0x0000000100000000)
 ParOldGen       total 468480K, used 322882K [0x00000000c0000000, 0x00000000dc980000, 0x00000000eaa80000)
  object space 468480K, 68% used [0x00000000c0000000,0x00000000d3b50b60,0x00000000dc980000)
 PSPermGen       total 21504K, used 6284K [0x00000000bae00000, 0x00000000bc300000, 0x00000000c0000000)
  object space 21504K, 29% used [0x00000000bae00000,0x00000000bb4231b0,0x00000000bc300000)
GC Heap History (10 events):
Event: 22.713 GC heap before
{Heap before GC invocations=18 (full 2):
 PSYoungGen      total 250880K, used 250688K [0x00000000eaa80000, 0x0000000100000000, 0x0000000100000000)
  eden space 152064K, 100% used [0x00000000eaa80000,0x00000000f3f00000,0x00000000f3f00000)
  from space 98816K, 99% used [0x00000000f3f00000,0x00000000f9f50118,0x00000000f9f80000)
  to   space 98816K, 0% used [0x00000000f9f80000,0x00000000f9f80000,0x0000000100000000)
 ParOldGen       total 294400K, used 174301K [0x00000000c0000000, 0x00000000d1f80000, 0x00000000eaa80000)
  object space 294400K, 59% used [0x00000000c0000000,0x00000000caa376a0,0x00000000d1f80000)
 PSPermGen       total 21504K, used 6270K [0x00000000bae00000, 0x00000000bc300000, 0x00000000c0000000)
  object space 21504K, 29% used [0x00000000bae00000,0x00000000bb41fa90,0x00000000bc300000)
Event: 22.945 GC heap after
Heap after GC invocations=18 (full 2):
 PSYoungGen      total 216064K, used 98811K [0x00000000eaa80000, 0x0000000100000000, 0x0000000100000000)
  eden space 117248K, 0% used [0x00000000eaa80000,0x00000000eaa80000,0x00000000f1d00000)
  from space 98816K, 99% used [0x00000000f9f80000,0x00000000ffffecb0,0x0000000100000000)
  to   space 116224K, 0% used [0x00000000f1d00000,0x00000000f1d00000,0x00000000f8e80000)
 ParOldGen       total 294400K, used 197464K [0x00000000c0000000, 0x00000000d1f80000, 0x00000000eaa80000)
  object space 294400K, 67% used [0x00000000c0000000,0x00000000cc0d6080,0x00000000d1f80000)
 PSPermGen       total 21504K, used 6270K [0x00000000bae00000, 0x00000000bc300000, 0x00000000c0000000)
  object space 21504K, 29% used [0x00000000bae00000,0x00000000bb41fa90,0x00000000bc300000)
}
Event: 23.336 GC heap before
{Heap before GC invocations=19 (full 2):
 PSYoungGen      total 216064K, used 216059K [0x00000000eaa80000, 0x0000000100000000, 0x0000000100000000)
  eden space 117248K, 100% used [0x00000000eaa80000,0x00000000f1d00000,0x00000000f1d00000)
  from space 98816K, 99% used [0x00000000f9f80000,0x00000000ffffecb0,0x0000000100000000)
  to   space 116224K, 0% used [0x00000000f1d00000,0x00000000f1d00000,0x00000000f8e80000)
 ParOldGen       total 294400K, used 197464K [0x00000000c0000000, 0x00000000d1f80000, 0x00000000eaa80000)
  object space 294400K, 67% used [0x00000000c0000000,0x00000000cc0d6080,0x00000000d1f80000)
 PSPermGen       total 21504K, used 6280K [0x00000000bae00000, 0x00000000bc300000, 0x00000000c0000000)
  object space 21504K, 29% used [0x00000000bae00000,0x00000000bb422230,0x00000000bc300000)
Event: 23.579 GC heap after
Heap after GC invocations=19 (full 2):
 PSYoungGen      total 233472K, used 74955K [0x00000000eaa80000, 0x0000000100000000, 0x0000000100000000)
  eden space 117248K, 0% used [0x00000000eaa80000,0x00000000eaa80000,0x00000000f1d00000)
  from space 116224K, 64% used [0x00000000f1d00000,0x00000000f6632ed0,0x00000000f8e80000)
  to   space 116224K, 0% used [0x00000000f8e80000,0x00000000f8e80000,0x0000000100000000)
 ParOldGen       total 294400K, used 241604K [0x00000000c0000000, 0x00000000d1f80000, 0x00000000eaa80000)
  object space 294400K, 82% used [0x00000000c0000000,0x00000000cebf12d8,0x00000000d1f80000)
 PSPermGen       total 21504K, used 6280K [0x00000000bae00000, 0x00000000bc300000, 0x00000000c0000000)
  object space 21504K, 29% used [0x00000000bae00000,0x00000000bb422230,0x00000000bc300000)
}
Event: 24.008 GC heap before
{Heap before GC invocations=20 (full 2):
 PSYoungGen      total 233472K, used 192203K [0x00000000eaa80000, 0x0000000100000000, 0x0000000100000000)
  eden space 117248K, 100% used [0x00000000eaa80000,0x00000000f1d00000,0x00000000f1d00000)
  from space 116224K, 64% used [0x00000000f1d00000,0x00000000f6632ed0,0x00000000f8e80000)
  to   space 116224K, 0% used [0x00000000f8e80000,0x00000000f8e80000,0x0000000100000000)
 ParOldGen       total 294400K, used 241604K [0x00000000c0000000, 0x00000000d1f80000, 0x00000000eaa80000)
  object space 294400K, 82% used [0x00000000c0000000,0x00000000cebf12d8,0x00000000d1f80000)
 PSPermGen       total 21504K, used 6282K [0x00000000bae00000, 0x00000000bc300000, 0x00000000c0000000)
  object space 21504K, 29% used [0x00000000bae00000,0x00000000bb422880,0x00000000bc300000)
Event: 24.184 GC heap after
Heap after GC invocations=20 (full 2):
 PSYoungGen      total 233472K, used 62451K [0x00000000eaa80000, 0x0000000100000000, 0x0000000100000000)
  eden space 117248K, 0% used [0x00000000eaa80000,0x00000000eaa80000,0x00000000f1d00000)
  from space 116224K, 53% used [0x00000000f8e80000,0x00000000fcb7cdb0,0x0000000100000000)
  to   space 116224K, 0% used [0x00000000f1d00000,0x00000000f1d00000,0x00000000f8e80000)
 ParOldGen       total 294400K, used 274907K [0x00000000c0000000, 0x00000000d1f80000, 0x00000000eaa80000)
  object space 294400K, 93% used [0x00000000c0000000,0x00000000d0c76ff0,0x00000000d1f80000)
 PSPermGen       total 21504K, used 6282K [0x00000000bae00000, 0x00000000bc300000, 0x00000000c0000000)
  object space 21504K, 29% used [0x00000000bae00000,0x00000000bb422880,0x00000000bc300000)
}
Event: 24.184 GC heap before
{Heap before GC invocations=21 (full 3):
 PSYoungGen      total 233472K, used 62451K [0x00000000eaa80000, 0x0000000100000000, 0x0000000100000000)
  eden space 117248K, 0% used [0x00000000eaa80000,0x00000000eaa80000,0x00000000f1d00000)
  from space 116224K, 53% used [0x00000000f8e80000,0x00000000fcb7cdb0,0x0000000100000000)
  to   space 116224K, 0% used [0x00000000f1d00000,0x00000000f1d00000,0x00000000f8e80000)
 ParOldGen       total 294400K, used 274907K [0x00000000c0000000, 0x00000000d1f80000, 0x00000000eaa80000)
  object space 294400K, 93% used [0x00000000c0000000,0x00000000d0c76ff0,0x00000000d1f80000)
 PSPermGen       total 21504K, used 6282K [0x00000000bae00000, 0x00000000bc300000, 0x00000000c0000000)
  object space 21504K, 29% used [0x00000000bae00000,0x00000000bb422880,0x00000000bc300000)
Event: 27.473 GC heap after
Heap after GC invocations=21 (full 3):
 PSYoungGen      total 233472K, used 39203K [0x00000000eaa80000, 0x0000000100000000, 0x0000000100000000)
  eden space 117248K, 0% used [0x00000000eaa80000,0x00000000eaa80000,0x00000000f1d00000)
  from space 116224K, 33% used [0x00000000f8e80000,0x00000000fb4c8cc8,0x0000000100000000)
  to   space 116224K, 0% used [0x00000000f1d00000,0x00000000f1d00000,0x00000000f8e80000)
 ParOldGen       total 468480K, used 294234K [0x00000000c0000000, 0x00000000dc980000, 0x00000000eaa80000)
  object space 468480K, 62% used [0x00000000c0000000,0x00000000d1f56808,0x00000000dc980000)
 PSPermGen       total 21504K, used 6281K [0x00000000bae00000, 0x00000000bc300000, 0x00000000c0000000)
  object space 21504K, 29% used [0x00000000bae00000,0x00000000bb422740,0x00000000bc300000)
}
Event: 27.797 GC heap before
{Heap before GC invocations=22 (full 3):
 PSYoungGen      total 233472K, used 156451K [0x00000000eaa80000, 0x0000000100000000, 0x0000000100000000)
  eden space 117248K, 100% used [0x00000000eaa80000,0x00000000f1d00000,0x00000000f1d00000)
  from space 116224K, 33% used [0x00000000f8e80000,0x00000000fb4c8cc8,0x0000000100000000)
  to   space 116224K, 0% used [0x00000000f1d00000,0x00000000f1d00000,0x00000000f8e80000)
 ParOldGen       total 468480K, used 294234K [0x00000000c0000000, 0x00000000dc980000, 0x00000000eaa80000)
  object space 468480K, 62% used [0x00000000c0000000,0x00000000d1f56808,0x00000000dc980000)
 PSPermGen       total 21504K, used 6282K [0x00000000bae00000, 0x00000000bc300000, 0x00000000c0000000)
  object space 21504K, 29% used [0x00000000bae00000,0x00000000bb422ad0,0x00000000bc300000)
Event: 28.054 GC heap after
Heap after GC invocations=22 (full 3):
 PSYoungGen      total 233472K, used 29809K [0x00000000eaa80000, 0x0000000100000000, 0x0000000100000000)
  eden space 117248K, 0% used [0x00000000eaa80000,0x00000000eaa80000,0x00000000f1d00000)
  from space 116224K, 25% used [0x00000000f1d00000,0x00000000f3a1c728,0x00000000f8e80000)
  to   space 116224K, 0% used [0x00000000f8e80000,0x00000000f8e80000,0x0000000100000000)
 ParOldGen       total 468480K, used 322882K [0x00000000c0000000, 0x00000000dc980000, 0x00000000eaa80000)
  object space 468480K, 68% used [0x00000000c0000000,0x00000000d3b50b60,0x00000000dc980000)
 PSPermGen       total 21504K, used 6282K [0x00000000bae00000, 0x00000000bc300000, 0x00000000c0000000)
  object space 21504K, 29% used [0x00000000bae00000,0x00000000bb422ad0,0x00000000bc300000)
}

